<?xml version="1.0" encoding="UTF-8"?>
<!-- Generated by org.testng.reporters.JUnitReportReporter -->
<testsuite hostname="DESKTOP-72F8QF4" failures="0" tests="1" name="com.hrms.testscripts.TC002" time="0.019" errors="0" timestamp="2022-12-21T20:51:25 IST" skipped="0">
  <testcase classname="com.hrms.testscripts.TC002" name="tc001" time="0.019"/>
  <system-out/>
</testsuite> <!-- com.hrms.testscripts.TC002 -->
